<?xml version="1.0" encoding="UTF-8"?>
<Site BuildName="(empty)"
	BuildStamp="20240305-0448-Experimental"
	Name="(empty)"
	Generator="ctest-3.28.1"
	CompilerName=""
	CompilerVersion=""
	OSName="macOS"
	Hostname="10-21-199-14.dynapool.wireless.nyu.edu"
	OSRelease="14.1"
	OSVersion="23B2073"
	OSPlatform="arm64"
	Is64Bits="1"
	VendorString="IBM"
	VendorID="IBM"
	FamilyID="16777228"
	ModelID="2"
	ProcessorCacheSize="131072"
	NumberOfLogicalCPU="12"
	NumberOfPhysicalCPU="12"
	TotalVirtualMemory="3072"
	TotalPhysicalMemory="18432"
	LogicalProcessorsPerPhysical="12"
	ProcessorClockFrequency="0"
	>
	<Testing>
		<StartDateTime>Mar 05 14:21 EST</StartDateTime>
		<StartTestTime>1709666470</StartTestTime>
		<TestList/>
		<EndDateTime>Mar 05 14:21 EST</EndDateTime>
		<EndTestTime>1709666470</EndTestTime>
		<ElapsedMinutes>0</ElapsedMinutes>
	</Testing>
</Site>
